<?xml version="1.0" encoding="UTF-8" ?>
<testsuite tests="20" failures="0" name="TestSuite" time="125.954" errors="0" skipped="0">
  <properties>
    <property name="java.runtime.name" value="OpenJDK Runtime Environment"/>
    <property name="java.vm.version" value="11.0.18+10-adhoc..jdk11u"/>
    <property name="sun.boot.library.path" value="C:\Program Files\OpenJDK\jdk-11.0.18.10-hotspot\bin"/>
    <property name="maven.multiModuleProjectDirectory" value="C:\Users\kuldeepmishra\eclipse-workspace23\flipkartAutomate"/>
    <property name="java.vm.vendor" value="OpenLogic"/>
    <property name="java.vendor.url" value="https://openlogic.com/"/>
    <property name="guice.disable.misplaced.annotation.check" value="true"/>
    <property name="path.separator" value=";"/>
    <property name="java.vm.name" value="OpenJDK 64-Bit Server VM"/>
    <property name="sun.os.patch.level" value=""/>
    <property name="user.script" value=""/>
    <property name="user.country" value="IN"/>
    <property name="sun.java.launcher" value="SUN_STANDARD"/>
    <property name="java.vm.specification.name" value="Java Virtual Machine Specification"/>
    <property name="user.dir" value="C:\Users\kuldeepmishra\eclipse-workspace23\flipkartAutomate"/>
    <property name="java.vm.compressedOopsMode" value="Zero based"/>
    <property name="java.runtime.version" value="11.0.18+10-adhoc..jdk11u"/>
    <property name="java.awt.graphicsenv" value="sun.awt.Win32GraphicsEnvironment"/>
    <property name="os.arch" value="amd64"/>
    <property name="java.io.tmpdir" value="C:\Users\KULDEE~1\AppData\Local\Temp\"/>
    <property name="line.separator" value="
"/>
    <property name="java.vm.specification.vendor" value="Oracle Corporation"/>
    <property name="user.variant" value=""/>
    <property name="os.name" value="Windows 11"/>
    <property name="classworlds.conf" value="C:\Program Files\maven\apache-maven-3.6.3\bin\..\bin\m2.conf"/>
    <property name="sun.jnu.encoding" value="Cp1252"/>
    <property name="java.library.path" value="C:\Program Files\OpenJDK\jdk-11.0.18.10-hotspot\bin;C:\Windows\Sun\Java\bin;C:\Windows\system32;C:\Windows;C:\Program Files\Python312\Scripts\;C:\Program Files\Python312\;C:\Program Files\OpenJDK\jdk-11.0.18.10-hotspot\bin;C:\Windows\system32;C:\Windows;C:\Windows\System32\Wbem;C:\Windows\System32\WindowsPowerShell\v1.0\;C:\Windows\System32\OpenSSH\;C:\Program Files\dotnet\;C:\Program Files\Microsoft SQL Server\130\Tools\Binn\;C:\Program Files\Microsoft SQL Server\Client SDK\ODBC\170\Tools\Binn\;C:\Program Files\OpenJDK\jdk-11.0.18.10-hotspot\\bin;C:\Program Files (x86)\Microsoft SQL Server\150\DTS\Binn\;C:\Program Files\Azure Data Studio\bin;C:\Program Files (x86)\Microsoft SQL Server\140\Tools\Binn\;C:\Program Files\Microsoft SQL Server\140\Tools\Binn\;C:\Program Files (x86)\Microsoft SQL Server\140\DTS\Binn\;C:\Program Files\Microsoft SQL Server\140\DTS\Binn\;C:\Program Files\Microsoft SQL Server\Client SDK\ODBC\130\Tools\Binn\;C:\Program Files\maven\apache-maven-3.6.3\bin;C:\Program Files\maven\apache-maven-3.6.3;C:\.Net &amp; Java Software\Open JKD -11\bin;C:\Program Files\TortoiseSVN\bin;C:\Program Files\Git\cmd;C:\Program Files\nodejs\;C:\Users\kuldeepmishra\AppData\Local\Programs\Microsoft VS Code\bin;C:\Users\kuldeepmishra\AppData\Roaming\npm;."/>
    <property name="maven.conf" value="C:\Program Files\maven\apache-maven-3.6.3\bin\../conf"/>
    <property name="jdk.debug" value="release"/>
    <property name="java.class.version" value="55.0"/>
    <property name="java.specification.name" value="Java Platform API Specification"/>
    <property name="sun.management.compiler" value="HotSpot 64-Bit Tiered Compilers"/>
    <property name="os.version" value="10.0"/>
    <property name="library.jansi.path" value="C:\Program Files\maven\apache-maven-3.6.3\bin\..\lib\jansi-native"/>
    <property name="user.home" value="C:\Users\kuldeepmishra"/>
    <property name="user.timezone" value="Asia/Calcutta"/>
    <property name="java.awt.printerjob" value="sun.awt.windows.WPrinterJob"/>
    <property name="file.encoding" value="Cp1252"/>
    <property name="java.specification.version" value="11"/>
    <property name="user.name" value="kuldeepmishra"/>
    <property name="java.class.path" value="C:\Program Files\maven\apache-maven-3.6.3\bin\..\boot\plexus-classworlds-2.6.0.jar"/>
    <property name="java.vm.specification.version" value="11"/>
    <property name="sun.arch.data.model" value="64"/>
    <property name="sun.java.command" value="org.codehaus.plexus.classworlds.launcher.Launcher test"/>
    <property name="java.home" value="C:\Program Files\OpenJDK\jdk-11.0.18.10-hotspot"/>
    <property name="user.language" value="en"/>
    <property name="java.specification.vendor" value="Oracle Corporation"/>
    <property name="awt.toolkit" value="sun.awt.windows.WToolkit"/>
    <property name="java.vm.info" value="mixed mode"/>
    <property name="java.version" value="11.0.18"/>
    <property name="java.vendor" value="OpenLogic"/>
    <property name="sun.stderr.encoding" value="cp437"/>
    <property name="maven.home" value="C:\Program Files\maven\apache-maven-3.6.3\bin\.."/>
    <property name="file.separator" value="\"/>
    <property name="java.version.date" value="2023-01-17"/>
    <property name="java.vendor.url.bug" value="https://techsupport.roguewave.com/"/>
    <property name="sun.io.unicode.encoding" value="UnicodeLittle"/>
    <property name="sun.cpu.endian" value="little"/>
    <property name="java.vendor.version" value="OpenLogic-OpenJDK"/>
    <property name="sun.stdout.encoding" value="cp437"/>
    <property name="sun.desktop" value="windows"/>
    <property name="sun.cpu.isalist" value="amd64"/>
  </properties>
  <testcase classname="flipkartAutomate.testFiles.AddToCartTest" name="testAddToCart" time="8.966"/>
  <testcase classname="flipkartAutomate.testFiles.CartLoginTest" name="testCartLogin" time="1.286"/>
  <testcase classname="flipkartAutomate.testFiles.CategoryDropdownTest" name="testCategory" time="5.572"/>
  <testcase classname="flipkartAutomate.testFiles.CategoryDropdownTest" name="testProductFromCategory" time="2.094"/>
  <testcase classname="flipkartAutomate.testFiles.DownloadOptionTest" name="testAndroidDownloadOption" time="1.444"/>
  <testcase classname="flipkartAutomate.testFiles.DownloadOptionTest" name="testIosDownloadOption" time="1.137"/>
  <testcase classname="flipkartAutomate.testFiles.FlipkartAdvertiseTest" name="testAdvertise" time="5.052"/>
  <testcase classname="flipkartAutomate.testFiles.ForgetPasswordTest" name="testForgetPassword" time="10.543"/>
  <testcase classname="flipkartAutomate.testFiles.HelplineFunctionalityTest" name="testHelplineFeature" time="5.174"/>
  <testcase classname="flipkartAutomate.testFiles.HelplineFunctionalityTest" name="testHelplineDisagreeFeature" time="1.823"/>
  <testcase classname="flipkartAutomate.testFiles.LoginTest" name="testInvalidLogin" time="3.974"/>
  <testcase classname="flipkartAutomate.testFiles.PincodeTest" name="testPincode" time="3.916"/>
  <testcase classname="flipkartAutomate.testFiles.PincodeTest" name="testIncorrectPincode" time="3.129"/>
  <testcase classname="flipkartAutomate.testFiles.ProductDetailTest" name="testProductDetails" time="8.132"/>
  <testcase classname="flipkartAutomate.testFiles.ProductSearchTest" name="testSearchData" time="4.205"/>
  <testcase classname="flipkartAutomate.testFiles.ProductSearchTest" name="testInvalidSearchData" time="4.349"/>
  <testcase classname="flipkartAutomate.testFiles.RegisterSellerTest" name="testSellerRegistration" time="10.502"/>
  <testcase classname="flipkartAutomate.testFiles.RemoveFromCartTest" name="testRemoveFromCart" time="11.737"/>
  <testcase classname="flipkartAutomate.testFiles.SellerTest" name="testSellerFunctionality" time="10.419"/>
  <testcase classname="flipkartAutomate.testFiles.SignUpTest" name="testSignUp" time="22.5"/>
</testsuite>