<?xml version="1.0" encoding="UTF-8"?>
<!-- Generated by org.testng.reporters.JUnitReportReporter -->
<testsuite hostname="IN-6ZNN6S3" failures="0" tests="2" name="flipkartAutomate.testFiles.DownloadOptionTest" time="9.194" errors="0" timestamp="2024-06-14T11:36:59 IST" skipped="0">
  <testcase classname="flipkartAutomate.testFiles.DownloadOptionTest" name="testAndroidDownloadOption" time="4.423"/>
  <testcase classname="flipkartAutomate.testFiles.DownloadOptionTest" name="testIosDownloadOption" time="4.771"/>
</testsuite> <!-- flipkartAutomate.testFiles.DownloadOptionTest -->
