<?xml version="1.0" encoding="UTF-8"?>
<!-- Generated by org.testng.reporters.JUnitReportReporter -->
<testsuite hostname="IN-6ZNN6S3" failures="0" tests="1" name="flipkartAutomate.testFiles.AddToCartTest" time="12.871" errors="0" timestamp="2024-06-14T11:36:59 IST" skipped="0">
  <testcase classname="flipkartAutomate.testFiles.AddToCartTest" name="testAddToCart" time="12.871"/>
</testsuite> <!-- flipkartAutomate.testFiles.AddToCartTest -->
