<?xml version="1.0" encoding="UTF-8"?>
<!-- Generated by org.testng.reporters.JUnitReportReporter -->
<testsuite hostname="IN-6ZNN6S3" failures="0" tests="1" name="flipkartAutomate.testFiles.CartTest" time="13.068" errors="0" timestamp="2024-06-13T13:35:34 IST" skipped="0">
  <testcase classname="flipkartAutomate.testFiles.CartTest" name="testCartLogin" time="13.068"/>
</testsuite> <!-- flipkartAutomate.testFiles.CartTest -->
