<?xml version="1.0" encoding="UTF-8"?>
<!-- Generated by org.testng.reporters.JUnitReportReporter -->
<testsuite hostname="IN-6ZNN6S3" failures="0" tests="2" name="flipkartAutomate.testFiles.HelplineFunctionalityTest" time="11.381" errors="0" timestamp="2024-06-14T11:36:59 IST" skipped="0">
  <testcase classname="flipkartAutomate.testFiles.HelplineFunctionalityTest" name="testHelplineFeature" time="5.579"/>
  <testcase classname="flipkartAutomate.testFiles.HelplineFunctionalityTest" name="testHelplineDisagreeFeature" time="5.802"/>
</testsuite> <!-- flipkartAutomate.testFiles.HelplineFunctionalityTest -->
