<?xml version="1.0" encoding="UTF-8"?>
<!-- Generated by org.testng.reporters.JUnitReportReporter -->
<testsuite hostname="IN-6ZNN6S3" failures="0" tests="2" name="flipkartAutomate.testFiles.PincodeTest" time="17.330" errors="0" timestamp="2024-06-14T11:36:58 IST" skipped="0">
  <testcase classname="flipkartAutomate.testFiles.PincodeTest" name="testPincode" time="6.671"/>
  <testcase classname="flipkartAutomate.testFiles.PincodeTest" name="testIncorrectPincode" time="10.659"/>
</testsuite> <!-- flipkartAutomate.testFiles.PincodeTest -->
