<?xml version="1.0" encoding="UTF-8"?>
<!-- Generated by org.testng.reporters.JUnitReportReporter -->
<testsuite hostname="IN-6ZNN6S3" failures="0" tests="1" name="flipkartAutomate.testFiles.LogoVisiblity" time="4.768" errors="0" timestamp="2024-06-13T21:29:22 IST" skipped="0">
  <testcase classname="flipkartAutomate.testFiles.LogoVisiblity" name="testFlipkartLogoVisibility" time="4.768"/>
</testsuite> <!-- flipkartAutomate.testFiles.LogoVisiblity -->
