<?xml version="1.0" encoding="UTF-8"?>
<!-- Generated by org.testng.reporters.JUnitReportReporter -->
<testsuite hostname="IN-6ZNN6S3" failures="0" tests="1" name="flipkartAutomate.testFiles.LogoVisibility" time="3.639" errors="0" timestamp="2024-06-14T11:36:59 IST" skipped="0">
  <testcase classname="flipkartAutomate.testFiles.LogoVisibility" name="testFlipkartLogoVisibility" time="3.639"/>
</testsuite> <!-- flipkartAutomate.testFiles.LogoVisibility -->
