<?xml version="1.0" encoding="UTF-8"?>
<!-- Generated by org.testng.reporters.JUnitReportReporter -->
<testsuite hostname="IN-6ZNN6S3" failures="0" tests="1" name="flipkartAutomate.testFiles.FavouritesProduct" time="14.176" errors="0" timestamp="2024-06-14T11:36:58 IST" skipped="0">
  <testcase classname="flipkartAutomate.testFiles.FavouritesProduct" name="testFavouritesProduct" time="14.176"/>
</testsuite> <!-- flipkartAutomate.testFiles.FavouritesProduct -->
