<?xml version="1.0" encoding="UTF-8"?>
<!-- Generated by org.testng.reporters.JUnitReportReporter -->
<testsuite hostname="IN-6ZNN6S3" failures="0" tests="1" name="flipkartAutomate.testFiles.CategoryDropdownTest" time="7.537" errors="0" timestamp="2024-06-14T13:02:01 IST" skipped="0">
  <testcase classname="flipkartAutomate.testFiles.CategoryDropdownTest" name="testProductFromCategory" time="7.537"/>
</testsuite> <!-- flipkartAutomate.testFiles.CategoryDropdownTest -->
