<?xml version="1.0" encoding="UTF-8"?>
<!-- Generated by org.testng.reporters.JUnitReportReporter -->
<testsuite hostname="IN-6ZNN6S3" failures="0" tests="2" name="flipkartAutomate.testFiles.ProductSearchTest" time="16.842" errors="0" timestamp="2024-06-14T13:09:17 IST" skipped="0">
  <testcase classname="flipkartAutomate.testFiles.ProductSearchTest" name="testSearchData" time="8.872"/>
  <testcase classname="flipkartAutomate.testFiles.ProductSearchTest" name="testInvalidSearchData" time="7.970"/>
</testsuite> <!-- flipkartAutomate.testFiles.ProductSearchTest -->
