<?xml version="1.0" encoding="UTF-8"?>
<!-- Generated by org.testng.reporters.JUnitReportReporter -->
<testsuite hostname="IN-6ZNN6S3" failures="0" tests="1" name="flipkartAutomate.testFiles.RemoveFromCartTest" time="16.395" errors="0" timestamp="2024-06-14T13:09:17 IST" skipped="0">
  <testcase classname="flipkartAutomate.testFiles.RemoveFromCartTest" name="testRemoveFromCart" time="16.395"/>
</testsuite> <!-- flipkartAutomate.testFiles.RemoveFromCartTest -->
