<?xml version="1.0" encoding="UTF-8"?>
<!-- Generated by org.testng.reporters.JUnitReportReporter -->
<testsuite hostname="IN-6ZNN6S3" failures="0" tests="2" name="flipkartAutomate.testFiles.CategoryDropdownTest" time="15.782" errors="0" timestamp="2024-06-14T13:09:17 IST" skipped="0">
  <testcase classname="flipkartAutomate.testFiles.CategoryDropdownTest" name="testCategory" time="9.689"/>
  <testcase classname="flipkartAutomate.testFiles.CategoryDropdownTest" name="testProductFromCategory" time="6.093"/>
</testsuite> <!-- flipkartAutomate.testFiles.CategoryDropdownTest -->
